<?xml version="1.0" encoding="UTF-8"?>
<testsuite xmlns:xsi="http://www.w3.org/2001/XMLSchema-instance" xsi:noNamespaceSchemaLocation="https://maven.apache.org/surefire/maven-surefire-plugin/xsd/surefire-test-report-3.0.xsd" version="3.0" name="com.bootcamp.lab5.Lab52.BankAccountTest" time="0.154" tests="6" errors="0" skipped="0" failures="2">
  <properties>
[...]
</properties>
  <testcase name="testDeposit_Success" classname="com.bootcamp.lab5.Lab52.BankAccountTest" time="0.066">
    <failure message="expected: &lt;2000.0&gt; but was: &lt;1500.0&gt;" type="org.opentest4j.AssertionFailedError"><![CDATA[org.opentest4j.AssertionFailedError: expected: <2000.0> but was: <1500.0>
	at org.junit.jupiter.api.AssertionFailureBuilder.build(AssertionFailureBuilder.java:151)
	at org.junit.jupiter.api.AssertionFailureBuilder.buildAndThrow(AssertionFailureBuilder.java:132)
	at org.junit.jupiter.api.AssertEquals.failNotEqual(AssertEquals.java:197)
	at org.junit.jupiter.api.AssertEquals.assertEquals(AssertEquals.java:86)
	at org.junit.jupiter.api.AssertEquals.assertEquals(AssertEquals.java:81)
	at org.junit.jupiter.api.Assertions.assertEquals(Assertions.java:1010)
	at com.bootcamp.lab5.Lab52.BankAccountTest.testDeposit_Success(BankAccountTest.java:72)
	at java.base/java.lang.reflect.Method.invoke(Method.java:580)
	at java.base/java.util.ArrayList.forEach(ArrayList.java:1596)
	at java.base/java.util.ArrayList.forEach(ArrayList.java:1596)
]]></failure>
  </testcase>
  <testcase name="testConstructor_NegativeBalance" classname="com.bootcamp.lab5.Lab52.BankAccountTest" time="0.004"/>
  <testcase name="testWithdraw_InsufficientFunds" classname="com.bootcamp.lab5.Lab52.BankAccountTest" time="0.012"/>
  <testcase name="testWithdraw_Success" classname="com.bootcamp.lab5.Lab52.BankAccountTest" time="0.003">
    <failure message="expected: &lt;800.0&gt; but was: &lt;700.0&gt;" type="org.opentest4j.AssertionFailedError"><![CDATA[org.opentest4j.AssertionFailedError: expected: <800.0> but was: <700.0>
	at org.junit.jupiter.api.AssertionFailureBuilder.build(AssertionFailureBuilder.java:151)
	at org.junit.jupiter.api.AssertionFailureBuilder.buildAndThrow(AssertionFailureBuilder.java:132)
	at org.junit.jupiter.api.AssertEquals.failNotEqual(AssertEquals.java:197)
	at org.junit.jupiter.api.AssertEquals.assertEquals(AssertEquals.java:86)
	at org.junit.jupiter.api.AssertEquals.assertEquals(AssertEquals.java:81)
	at org.junit.jupiter.api.Assertions.assertEquals(Assertions.java:1010)
	at com.bootcamp.lab5.Lab52.BankAccountTest.testWithdraw_Success(BankAccountTest.java:33)
	at java.base/java.lang.reflect.Method.invoke(Method.java:580)
	at java.base/java.util.ArrayList.forEach(ArrayList.java:1596)
	at java.base/java.util.ArrayList.forEach(ArrayList.java:1596)
]]></failure>
    <system-out><![CDATA[Da rut 300.0 VND. So du con: 700.0
]]></system-out>
  </testcase>
  <testcase name="testDeposit_NegativeAmount" classname="com.bootcamp.lab5.Lab52.BankAccountTest" time="0.002"/>
  <testcase name="testWithdraw_NegativeAmount" classname="com.bootcamp.lab5.Lab52.BankAccountTest" time="0.004"/>
</testsuite>