<?xml version="1.0" encoding="UTF-8"?>
<testsuite xmlns:xsi="http://www.w3.org/2001/XMLSchema-instance" xsi:noNamespaceSchemaLocation="https://maven.apache.org/surefire/maven-surefire-plugin/xsd/surefire-test-report-3.0.xsd" version="3.0" name="com.bootcamp.lab5.Lab52.BankAccountTest" time="0.099" tests="6" errors="0" skipped="0" failures="0">
  <properties>
[...]
</properties>
  <testcase name="testDeposit_Success" classname="com.bootcamp.lab5.Lab52.BankAccountTest" time="0.046"/>
  <testcase name="testConstructor_NegativeBalance" classname="com.bootcamp.lab5.Lab52.BankAccountTest" time="0.001"/>
  <testcase name="testWithdraw_InsufficientFunds" classname="com.bootcamp.lab5.Lab52.BankAccountTest" time="0.011"/>
  <testcase name="testWithdraw_Success" classname="com.bootcamp.lab5.Lab52.BankAccountTest" time="0.004">
    <system-out><![CDATA[Da rut 300.0 VND. So du con: 700.0
]]></system-out>
  </testcase>
  <testcase name="testDeposit_NegativeAmount" classname="com.bootcamp.lab5.Lab52.BankAccountTest" time="0.002"/>
  <testcase name="testWithdraw_NegativeAmount" classname="com.bootcamp.lab5.Lab52.BankAccountTest" time="0.001"/>
</testsuite>